2021-10-20 21:01:47,995 - INFO - Reading nPrint dataset...
2021-10-20 21:02:33,921 - INFO - Reading nPrint dataset...
2021-10-20 21:15:36,280 - INFO - X size: 48091; y size: 48091
2021-10-20 21:15:36,280 - INFO - Done!
2021-10-20 21:15:36,280 - INFO - Loading nPrintML model...
2021-10-20 21:15:36,283 - INFO - Done!
2021-10-20 21:15:36,743 - INFO - Blackbox model classification report with IID:
2021-10-20 21:15:37,039 - INFO - 
                       precision    recall  f1-score   support

           Kali Linux      0.000     0.000     0.000         1
 Linux 3.11 and newer      0.960     0.957     0.958      6834
              MacOS X      0.994     0.858     0.921      1206
       Windows 7 or 8      0.946     0.973     0.959      6387

             accuracy                          0.956     14428
            macro avg      0.725     0.697     0.710     14428
         weighted avg      0.956     0.956     0.956     14428

2021-10-20 21:15:37,039 - INFO - Using Classification Dagger algorithm to extract DT...
2021-10-21 20:40:53,240 - INFO - Reading nPrint dataset...
2021-10-21 20:53:53,857 - INFO - X size: 48091; y size: 48091
2021-10-21 20:53:53,857 - INFO - Done!
2021-10-21 20:53:53,857 - INFO - Loading nPrintML model...
2021-10-21 20:53:53,859 - INFO - Done!
2021-10-21 20:53:54,283 - INFO - Blackbox model classification report with IID:
2021-10-21 20:53:54,559 - INFO - 
                       precision    recall  f1-score   support

           Kali Linux      0.000     0.000     0.000         3
 Linux 3.11 and newer      0.963     0.954     0.959      6651
              MacOS X      0.995     0.861     0.923      1216
       Windows 7 or 8      0.945     0.978     0.961      6558

             accuracy                          0.957     14428
            macro avg      0.726     0.698     0.711     14428
         weighted avg      0.957     0.957     0.957     14428

2021-10-21 20:53:54,559 - INFO - Using Classification Dagger algorithm to extract DT...
2021-10-21 20:55:33,615 - INFO - Reading nPrint dataset...
2021-10-21 21:08:38,703 - INFO - X size: 48091; y size: 48091
2021-10-21 21:08:38,703 - INFO - Done!
2021-10-21 21:08:38,703 - INFO - Loading nPrintML model...
2021-10-21 21:08:38,705 - INFO - Done!
2021-10-21 21:08:39,174 - INFO - Blackbox model classification report with IID:
2021-10-21 21:08:39,452 - INFO - 
                       precision    recall  f1-score   support

           Kali Linux      0.000     0.000     0.000         1
 Linux 3.11 and newer      0.960     0.959     0.960      6729
              MacOS X      0.999     0.853     0.921      1201
       Windows 7 or 8      0.949     0.976     0.962      6497

             accuracy                          0.958     14428
            macro avg      0.727     0.697     0.710     14428
         weighted avg      0.958     0.958     0.957     14428

2021-10-21 21:08:39,453 - INFO - Using Classification Dagger algorithm to extract DT...
2021-10-21 21:09:22,118 - INFO - ########## Explanation validation ##########
2021-10-21 21:09:22,119 - INFO - Model explanation 25 local fidelity: 0.9807649640761672
2021-10-21 21:09:22,142 - INFO - Model explanation global fidelity report:
2021-10-21 21:09:22,415 - INFO - 
                       precision    recall  f1-score   support

 Linux 3.11 and newer      0.963     0.971     0.967      6721
              MacOS X      0.948     0.964     0.956      1026
       Windows 7 or 8      0.974     0.963     0.968      6681

             accuracy                          0.967     14428
            macro avg      0.962     0.966     0.964     14428
         weighted avg      0.967     0.967     0.967     14428

2021-10-21 21:09:22,415 - INFO - Model explanation classification report:
2021-10-21 21:09:22,688 - INFO - 
                       precision    recall  f1-score   support

           Kali Linux      0.000     0.000     0.000         1
 Linux 3.11 and newer      0.935     0.941     0.938      6729
              MacOS X      0.955     0.829     0.888      1201
       Windows 7 or 8      0.934     0.950     0.942      6497

             accuracy                          0.936     14428
            macro avg      0.706     0.680     0.692     14428
         weighted avg      0.936     0.936     0.935     14428

2021-11-07 17:52:41,601 - INFO - Reading nPrint dataset...
2021-11-07 18:09:37,255 - INFO - X size: 57975; y size: 57975
2021-11-07 18:09:37,257 - INFO - Done!
2021-11-07 18:09:37,257 - INFO - Loading nPrintML model...
2021-11-08 12:58:22,181 - INFO - Reading nPrint dataset...
2021-11-08 16:15:02,647 - INFO - Reading nPrint dataset...
2021-11-08 20:07:37,255 - INFO - X size: 57975; y size: 57975
2021-11-08 20:07:37,259 - INFO - Done!
2021-11-08 20:07:37,259 - INFO - Loading nPrintML model...
2021-11-08 20:07:37,304 - INFO - Done!
2021-11-08 20:09:28,626 - INFO - Blackbox model classification report with IID:
2021-11-08 20:09:28,952 - INFO - 
                       precision    recall  f1-score   support

 Linux 3.11 and newer      0.987     0.982     0.985      8454
              MacOS X      0.941     0.969     0.955      1507
       Windows 7 or 8      0.991     0.990     0.991      7432

             accuracy                          0.985     17393
            macro avg      0.973     0.981     0.977     17393
         weighted avg      0.985     0.985     0.985     17393

2021-11-08 20:09:28,952 - INFO - Using Classification Dagger algorithm to extract DT...
2021-11-08 21:29:53,371 - INFO - ########## Explanation validation ##########
2021-11-08 21:29:53,376 - INFO - Model explanation 77 local fidelity: 0.9717811209927
2021-11-08 21:29:54,023 - INFO - Model explanation global fidelity report:
2021-11-08 21:29:54,286 - INFO - 
                       precision    recall  f1-score   support

 Linux 3.11 and newer      0.955     0.965     0.960      8416
              MacOS X      0.873     0.839     0.856      1551
       Windows 7 or 8      0.979     0.975     0.977      7426

             accuracy                          0.958     17393
            macro avg      0.936     0.926     0.931     17393
         weighted avg      0.958     0.958     0.958     17393

2021-11-08 21:29:54,286 - INFO - Model explanation classification report:
2021-11-08 21:29:54,555 - INFO - 
                       precision    recall  f1-score   support

 Linux 3.11 and newer      0.953     0.958     0.955      8454
              MacOS X      0.852     0.843     0.847      1507
       Windows 7 or 8      0.976     0.971     0.974      7432

             accuracy                          0.954     17393
            macro avg      0.927     0.924     0.925     17393
         weighted avg      0.954     0.954     0.954     17393

2021-11-08 21:52:31,811 - INFO - Reading nPrint dataset...
2021-11-09 01:29:58,553 - INFO - X size: 57975; y size: 57975
2021-11-09 01:29:58,556 - INFO - Done!
2021-11-09 01:29:58,556 - INFO - Loading nPrintML model...
2021-11-09 01:29:58,595 - INFO - Done!
2021-11-09 01:31:05,567 - INFO - Blackbox model classification report with IID:
2021-11-09 01:31:05,896 - INFO - 
                       precision    recall  f1-score   support

           Kali Linux      0.000     0.000     0.000         1
 Linux 3.11 and newer      0.986     0.981     0.983      8321
              MacOS X      0.942     0.971     0.957      1485
       Windows 7 or 8      0.990     0.990     0.990      7586

             accuracy                          0.984     17393
            macro avg      0.730     0.735     0.733     17393
         weighted avg      0.984     0.984     0.984     17393

2021-11-09 01:31:05,896 - INFO - Using Classification Dagger algorithm to extract DT...
2021-11-09 02:30:23,236 - INFO - ########## Explanation validation ##########
2021-11-09 02:30:23,239 - INFO - Model explanation 73 local fidelity: 0.9675381331109051
2021-11-09 02:30:23,855 - INFO - Model explanation global fidelity report:
2021-11-09 02:30:24,145 - INFO - 
                       precision    recall  f1-score   support

 Linux 3.11 and newer      0.950     0.962     0.956      8275
              MacOS X      0.877     0.824     0.850      1530
       Windows 7 or 8      0.978     0.976     0.977      7588

             accuracy                          0.956     17393
            macro avg      0.935     0.921     0.928     17393
         weighted avg      0.956     0.956     0.956     17393

2021-11-09 02:30:24,145 - INFO - Model explanation classification report:
2021-11-09 02:30:24,433 - INFO - 
                       precision    recall  f1-score   support

           Kali Linux      0.000     0.000     0.000         1
 Linux 3.11 and newer      0.951     0.958     0.955      8321
              MacOS X      0.860     0.832     0.846      1485
       Windows 7 or 8      0.976     0.974     0.975      7586

             accuracy                          0.954     17393
            macro avg      0.697     0.691     0.694     17393
         weighted avg      0.954     0.954     0.954     17393

2022-01-03 22:24:15,396 - INFO - Reading nPrint dataset...
2022-01-04 11:52:42,120 - INFO - Reading nPrint dataset...
2022-01-04 11:55:52,590 - INFO - Loading nPrintML model...
2022-01-04 11:55:52,597 - INFO - Done!
2022-01-04 14:40:04,778 - INFO - Reading nPrint dataset...
2022-01-04 14:41:54,008 - INFO - Reading nPrint dataset...
2022-01-04 14:44:46,275 - INFO - Loading nPrintML model...
2022-01-04 14:44:46,282 - INFO - Done!
2022-01-04 14:47:44,639 - INFO - Reading nPrint dataset...
2022-01-04 14:50:19,067 - INFO - Loading nPrintML model...
2022-01-04 14:50:19,071 - INFO - Done!
2022-01-04 14:50:46,930 - INFO - Reading nPrint dataset...
2022-01-04 14:53:22,769 - INFO - Loading nPrintML model...
2022-01-04 14:53:22,771 - INFO - Done!
2022-01-04 15:05:14,963 - INFO - Reading nPrint dataset...
2022-01-04 15:08:09,643 - INFO - Loading nPrintML model...
2022-01-04 15:08:09,650 - INFO - Done!
2022-01-05 19:08:24,518 - INFO - Reading nPrint dataset...
2022-01-05 19:11:26,750 - INFO - Loading nPrintML model...
2022-01-05 19:11:26,760 - INFO - Done!
2022-01-05 19:30:40,585 - INFO - Reading nPrint dataset...
2022-01-05 19:33:43,017 - INFO - Loading nPrintML model...
2022-01-05 19:33:43,025 - INFO - Done!
2022-01-05 19:35:26,773 - INFO - Reading nPrint dataset...
2022-01-05 19:38:31,655 - INFO - Loading nPrintML model...
2022-01-05 19:38:31,666 - INFO - Done!
2022-01-05 20:00:29,620 - INFO - Reading nPrint dataset...
2022-01-05 20:03:38,425 - INFO - Loading nPrintML model...
2022-01-05 20:03:38,432 - INFO - Done!
2022-01-05 20:33:28,704 - INFO - Reading nPrint dataset...
2022-01-05 20:36:26,928 - INFO - Loading nPrintML model...
2022-01-05 20:36:26,935 - INFO - Done!
2022-01-05 20:39:43,445 - INFO - Reading nPrint dataset...
2022-01-05 20:42:38,735 - INFO - Loading nPrintML model...
2022-01-05 20:42:38,744 - INFO - Done!
2022-01-31 02:39:59,920 - INFO - Reading nPrint dataset...
2022-01-31 02:43:43,148 - INFO - Loading nPrintML model...
2022-01-31 02:43:43,160 - INFO - Done!
2022-01-31 02:44:17,435 - INFO - Reading nPrint dataset...
2022-01-31 02:48:38,146 - INFO - Loading nPrintML model...
2022-01-31 02:48:38,159 - INFO - Done!
2022-01-31 11:28:54,040 - INFO - Reading nPrint dataset...
2022-01-31 12:22:49,216 - INFO - Reading nPrint dataset...
2022-01-31 12:27:51,294 - INFO - Loading nPrintML model...
2022-01-31 12:27:51,317 - INFO - Done!
2022-01-31 13:14:42,008 - INFO - Reading nPrint dataset...
2022-01-31 13:18:02,840 - INFO - Loading nPrintML model...
2022-01-31 13:18:02,863 - INFO - Done!
2022-01-31 13:22:00,778 - INFO - Reading nPrint dataset...
2022-01-31 13:25:17,473 - INFO - Loading nPrintML model...
2022-01-31 13:25:17,485 - INFO - Done!
2022-01-31 13:32:15,393 - INFO - Reading nPrint dataset...
2022-01-31 13:35:23,581 - INFO - Loading nPrintML model...
2022-01-31 13:35:23,598 - INFO - Done!
2022-01-31 13:36:06,810 - INFO - Reading nPrint dataset...
2022-01-31 13:36:46,802 - INFO - Reading nPrint dataset...
2022-01-31 13:39:58,178 - INFO - Loading nPrintML model...
2022-01-31 13:39:58,186 - INFO - Done!
2022-01-31 13:41:18,976 - INFO - Reading nPrint dataset...
2022-01-31 13:44:31,789 - INFO - X size: 12439; y size: 12439
2022-01-31 13:44:31,792 - INFO - Done!
2022-01-31 13:44:31,792 - INFO - Loading nPrintML model...
2022-01-31 13:44:31,806 - INFO - Done!
2022-01-31 13:30:17,548 - INFO - Reading nPrint dataset...
2022-01-31 13:34:29,516 - INFO - Reading nPrint dataset...
2022-01-31 13:41:11,284 - INFO - Reading nPrint dataset...
2022-01-31 13:44:00,764 - INFO - Loading nPrintML model...
2022-01-31 13:44:00,796 - INFO - Done!
2022-01-31 13:44:26,323 - INFO - 
+-------------------------------------------------------------------------------------------------------------------------------------------------------------------------------------------------------------------------------+
|                                                                                                  Classification Trust Report                                                                                                  |
+-------------------------------------------------------------------------------------------------------------------------------------------------------------------------------------------------------------------------------+
|                                          +-----------------------------------------------------------------------------------------------------------------------------------------+                                          |
|                                          |                                                                 Summary                                                                 |                                          |
|                                          +--------------------------------------------------------------------+--------------------------------------------------------------------+                                          |
|                                          |                              Blackbox                              |                              Whitebox                              |                                          |
|                                          +--------------------------------------------------------------------+--------------------------------------------------------------------+                                          |
|                                          |                      Model:       TabularPredictor                 |            Explanation method:          Dagger                     |                                          |
|                                          |                  Dataset size:         12439                       |                   Model:        DecisionTreeClassifier             |                                          |
|                                          |                Train/Test Split:  70.00% / 30.00%                  |                Iterations:               100                       |                                          |
|                                          |                                                                    |                Sample size:             50.00%                     |                                          |
|                                          |                                                                    |                                                                    |                                          |
|                                          |                                                                    |             Decision Tree Info                                     |                                          |
|                                          |                                                                    |                   Size:                   45                       |                                          |
|                                          |                # Input features:        800                        |             # Input features:         20 (2.50%)                   |                                          |
|                                          |                # Output classes:         4                         |             # Output classes:        4 (100.00%)                   |                                          |
|                                          |                                                                    |                                                                    |                                          |
|                                          | +----------------------------------------------------------------+ | +----------------------------------------------------------------+ |                                          |
|                                          | |                          Performance                           | | |                            Fidelity                            | |                                          |
|                                          | +----------------------------------------------------------------+ | +----------------------------------------------------------------+ |                                          |
|                                          | |                        precision    recall  f1-score   support | | |                        precision    recall  f1-score   support | |                                          |
|                                          | |                                                                | | |                                                                | |                                          |
|                                          | |            Kali Linux      0.000     0.000     0.000         0 | | |            Kali Linux      0.000     0.000     0.000         0 | |                                          |
|                                          | |  Linux 3.11 and newer      0.000     0.000     0.000         0 | | |  Linux 3.11 and newer      0.000     0.000     0.000         0 | |                                          |
|                                          | |               MacOS X      0.000     0.000     0.000         0 | | |               MacOS X      0.000     0.000     0.000         0 | |                                          |
|                                          | |        Windows 7 or 8      0.000     0.000     0.000         0 | | |        Windows 7 or 8      0.000     0.000     0.000         0 | |                                          |
|                                          | |                                                                | | |                                                                | |                                          |
|                                          | |             micro avg      0.000     0.000     0.000         0 | | |             micro avg      0.000     0.000     0.000         0 | |                                          |
|                                          | |             macro avg      0.000     0.000     0.000         0 | | |             macro avg      0.000     0.000     0.000         0 | |                                          |
|                                          | |          weighted avg      0.000     0.000     0.000         0 | | |          weighted avg      0.000     0.000     0.000         0 | |                                          |
|                                          | |                                                                | | |                                                                | |                                          |
|                                          | +----------------------------------------------------------------+ | +----------------------------------------------------------------+ |                                          |
|                                          +--------------------------------------------------------------------+--------------------------------------------------------------------+                                          |
| +---------------------------------------------------------------------------------------------------------------------------------------------------------------------------------------------------------------------------+ |
| |                                                                                                    Single-run Analysis                                                                                                    | |
| +---------------------------------------------------------------------------------------------------------------------------------------------------------------------------------------------------------------------------+ |
| |                                                                                 +-------------------------------------------------------+                                                                                 | |
| |                                                                                 |                    Top 10 Features                    |                                                                                 | |
| |                                                                                 +-------------------+----------------+------------------+                                                                                 | |
| |                                                                                 |      Feature      | # of Nodes (%) | Data Split % - ↓ |                                                                                 | |
| |                                                                                 +-------------------+----------------+------------------+                                                                                 | |
| |                                                                                 |  pkt_0_ipv4_ttl_0 |   1 (4.55%)    |  3047 (22.61%)   |                                                                                 | |
| |                                                                                 |                   |                |                  |                                                                                 | |
| |                                                                                 | pkt_0_tcp_wsize_0 |   1 (4.55%)    |  1817 (13.48%)   |                                                                                 | |
| |                                                                                 |                   |                |                  |                                                                                 | |
| |                                                                                 |  pkt_0_tcp_opt_36 |   2 (9.09%)    |  1703 (12.63%)   |                                                                                 | |
| |                                                                                 |                   |                |                  |                                                                                 | |
| |                                                                                 |  pkt_0_ipv4_ttl_2 |   1 (4.55%)    |  1577 (11.70%)   |                                                                                 | |
| |                                                                                 |                   |                |                  |                                                                                 | |
| |                                                                                 |  pkt_0_ipv4_tos_1 |   1 (4.55%)    |  1436 (10.65%)   |                                                                                 | |
| |                                                                                 |                   |                |                  |                                                                                 | |
| |                                                                                 |  pkt_0_tcp_rst_0  |   1 (4.55%)    |  1435 (10.65%)   |                                                                                 | |
| |                                                                                 |                   |                |                  |                                                                                 | |
| |                                                                                 | pkt_0_tcp_wsize_4 |   1 (4.55%)    |  1401 (10.39%)   |                                                                                 | |
| |                                                                                 |                   |                |                  |                                                                                 | |
| |                                                                                 |  pkt_0_tcp_opt_43 |   1 (4.55%)    |   240 (1.78%)    |                                                                                 | |
| |                                                                                 |                   |                |                  |                                                                                 | |
| |                                                                                 |  pkt_0_tcp_opt_45 |   1 (4.55%)    |   232 (1.72%)    |                                                                                 | |
| |                                                                                 |                   |                |                  |                                                                                 | |
| |                                                                                 |  pkt_0_tcp_opt_42 |   1 (4.55%)    |   228 (1.69%)    |                                                                                 | |
| |                                                                                 |                   |                |                  |                                                                                 | |
| |                                                                                 |     ----------    |   ----------   |    ----------    |                                                                                 | |
| |                                                                                 |   Top 10 Summary  |  11 (50.00%)   |      97.31%      |                                                                                 | |
| |                                                                                 +-------------------+----------------+------------------+                                                                                 | |
| |  +--------------------------------------------------------------------------------------------------------+  +---------------------------------------------------------------------------------------------------------+  | |
| |  |                                              Top 10 Nodes                                              |  |                                             Top 10 Branches                                             |  | |
| |  +--------------------------+-----------------+------------------+----------------------------------------+  +-------------------------------+-----------------------+-----------------+-------------------------------+  | |
| |  | Decision                 | Gini  Split - ↓ | Data Split % - ↓ | Data Split % by Class (L/R)            |  | Rule                          | Decision (P(x))       | Samples (%) - ↓ | Class Samples (%)             |  | |
| |  +--------------------------+-----------------+------------------+----------------------------------------+  +-------------------------------+-----------------------+-----------------+-------------------------------+  | |
| |  |                          |                 |                  |  Kali Linux: 100.00% / 0.00%           |  | pkt_0_ipv4_ttl_0 <= 0.5       |                       |                 |                               |  | |
| |  | pkt_0_ipv4_ttl_0 <= 0.5  | Left: 0.32      | Left: 59.63%     |  Linux 3.11 and newer: 100.00% / 0.00% |  |  and pkt_0_tcp_wsize_0 <= 0.5 |                       |                 |                               |  | |
| |  |                          | Right: 0.00     | Right: 40.37%    |  MacOS X: 100.00% / 0.00%              |  |  and pkt_0_ipv4_ttl_2 <= 0.5  |  Linux 3.11 and newer | 1316            |                               |  | |
| |  |                          |                 |                  |  Windows 7 or 8: 0.00% / 100.00%       |  |  and pkt_0_tcp_opt_36 <= 0.5  | (100.00%)             | (43.19%)        | 89.10%                        |  | |
| |  |                          |                 |                  |                                        |  |  and pkt_0_ipv4_tos_1 <= 0.5  |                       |                 |                               |  | |
| |  |                          |                 |                  |  Kali Linux: 0.00% / 0.00%             |  |  and pkt_0_tcp_rst_0 <= 0.5   |                       |                 |                               |  | |
| |  | pkt_0_tcp_opt_36 <= 0.5  | Left: 0.01      | Left: 47.13%     |  Linux 3.11 and newer: 96.75% / 1.69%  |  |  and pkt_0_tcp_wsize_4 <= 0.5 |                       |                 |                               |  | |
| |  |                          | Right: 0.48     | Right: 1.35%     |  MacOS X: 2.92% / 6.67%                |  |                               |                       |                 |                               |  | |
| |  |                          |                 |                  |  Windows 7 or 8: 0.00% / 0.00%         |  | pkt_0_ipv4_ttl_0 > 0.5        |  Windows 7 or 8       | 1230            | 100.00%                       |  | |
| |  |                          |                 |                  |                                        |  |                               | (100.00%)             | (40.37%)        |                               |  | |
| |  |                          |                 |                  |  Kali Linux: 0.00% / 0.00%             |  |                               |                       |                 |                               |  | |
| |  | pkt_0_tcp_rst_0 <= 0.5   | Left: 0.00      | Left: 45.98%     |  Linux 3.11 and newer: 94.65% / 2.10%  |  | pkt_0_ipv4_ttl_0 <= 0.5       |                       |                 |                               |  | |
| |  |                          | Right: 0.16     | Right: 1.12%     |  MacOS X: 1.25% / 1.25%                |  |  and pkt_0_tcp_wsize_0 > 0.5  |                       |                 |                               |  | |
| |  |                          |                 |                  |  Windows 7 or 8: 0.00% / 0.00%         |  |  and pkt_0_tcp_opt_43 <= 0.5  |  MacOS X              | 164             | 68.33%                        |  | |
| |  |                          |                 |                  |                                        |  |  and pkt_0_tcp_opt_45 <= 0.5  | (100.00%)             | (5.38%)         |                               |  | |
| |  |                          |                 |                  |  Kali Linux: 0.00% / 0.00%             |  |  and pkt_0_tcp_opt_42 <= 0.5  |                       |                 |                               |  | |
| |  | pkt_0_tcp_wsize_4 <= 0.5 | Left: 0.00      | Left: 43.19%     |  Linux 3.11 and newer: 89.10% / 5.55%  |  |  and pkt_0_tcp_opt_36 > 0.5   |                       |                 |                               |  | |
| |  |                          | Right: 0.07     | Right: 2.79%     |  MacOS X: 0.00% / 1.25%                |  |                               |                       |                 |                               |  | |
| |  |                          |                 |                  |  Windows 7 or 8: 0.00% / 0.00%         |  | pkt_0_ipv4_ttl_0 <= 0.5       |  Kali Linux           | 100             |                               |  | |
| |  |                          |                 |                  |                                        |  |  and pkt_0_tcp_wsize_0 <= 0.5 | (100.00%)             | (3.28%)         | 100.00%                       |  | |
| |  |                          |                 |                  |  Kali Linux: 0.00% / 0.00%             |  |  and pkt_0_ipv4_ttl_2 > 0.5   |                       |                 |                               |  | |
| |  | pkt_0_tcp_opt_36 <= 0.5  | Left: 0.25      | Left: 2.03%      |  Linux 3.11 and newer: 0.61% / 0.00%   |  |                               |                       |                 |                               |  | |
| |  |                          | Right: 0.00     | Right: 5.38%     |  MacOS X: 22.08% / 68.33%              |  | pkt_0_ipv4_ttl_0 <= 0.5       |                       |                 |                               |  | |
| |  |                          |                 |                  |  Windows 7 or 8: 0.00% / 0.00%         |  |  and pkt_0_tcp_wsize_0 <= 0.5 |                       |                 |                               |  | |
| |  |                          |                 |                  |                                        |  |  and pkt_0_ipv4_ttl_2 <= 0.5  |                       |                 |                               |  | |
| |  |                          |                 |                  |  Kali Linux: 100.00% / 0.00%           |  |  and pkt_0_tcp_opt_36 <= 0.5  |  Linux 3.11 and newer | 76              | 5.15%                         |  | |
| |  | pkt_0_tcp_wsize_0 <= 0.5 | Left: 0.15      | Left: 51.76%     |  Linux 3.11 and newer: 98.44% / 1.56%  |  |  and pkt_0_ipv4_tos_1 <= 0.5  | (100.00%)             | (2.49%)         |                               |  | |
| |  |                          | Right: 0.17     | Right: 7.88%     |  MacOS X: 9.58% / 90.42%               |  |  and pkt_0_tcp_rst_0 <= 0.5   |                       |                 |                               |  | |
| |  |                          |                 |                  |  Windows 7 or 8: 0.00% / 0.00%         |  |  and pkt_0_tcp_wsize_4 > 0.5  |                       |                 |                               |  | |
| |  |                          |                 |                  |                                        |  |  and pkt_0_tcp_wsize_1 <= 0.5 |                       |                 |                               |  | |
| |  |                          |                 |                  |  Kali Linux: 0.00% / 100.00%           |  |                               |                       |                 |                               |  | |
| |  | pkt_0_ipv4_ttl_2 <= 0.5  | Left: 0.03      | Left: 48.47%     |  Linux 3.11 and newer: 98.44% / 0.00%  |  | pkt_0_ipv4_ttl_0 <= 0.5       |                       |                 |                               |  | |
| |  |                          | Right: 0.00     | Right: 3.28%     |  MacOS X: 9.58% / 0.00%                |  |  and pkt_0_tcp_wsize_0 > 0.5  |                       |                 |                               |  | |
| |  |                          |                 |                  |  Windows 7 or 8: 0.00% / 0.00%         |  |  and pkt_0_tcp_opt_43 <= 0.5  |                       |                 |                               |  | |
| |  |                          |                 |                  |                                        |  |  and pkt_0_tcp_opt_45 <= 0.5  |  MacOS X              | 49              |                               |  | |
| |  |                          |                 |                  |  Kali Linux: 0.00% / 0.00%             |  |  and pkt_0_tcp_opt_42 <= 0.5  | (100.00%)             | (1.61%)         | 20.42%                        |  | |
| |  | pkt_0_tcp_wsize_1 <= 0.5 | Left: 0.00      | Left: 2.49%      |  Linux 3.11 and newer: 5.15% / 0.41%   |  |  and pkt_0_tcp_opt_36 <= 0.5  |                       |                 |                               |  | |
| |  |                          | Right: 0.44     | Right: 0.30%     |  MacOS X: 0.00% / 1.25%                |  |  and pkt_0_tcp_opt_15 <= 0.5  |                       |                 |                               |  | |
| |  |                          |                 |                  |  Windows 7 or 8: 0.00% / 0.00%         |  |  and pkt_0_tcp_wsize_1 > 0.5  |                       |                 |                               |  | |
| |  |                          |                 |                  |                                        |  |  and pkt_0_tcp_wsize_6 > 0.5  |                       |                 |                               |  | |
| |  |                          |                 |                  |  Kali Linux: 0.00% / 0.00%             |  |                               |                       |                 |                               |  | |
| |  | pkt_0_tcp_opt_43 <= 0.5  | Left: 0.12      | Left: 7.61%      |  Linux 3.11 and newer: 1.02% / 0.54%   |  | pkt_0_ipv4_ttl_0 <= 0.5       |                       |                 |                               |  | |
| |  |                          | Right: 0.00     | Right: 0.26%     |  MacOS X: 90.42% / 0.00%               |  |  and pkt_0_tcp_wsize_0 <= 0.5 |  Linux 3.11 and newer | 25              |                               |  | |
| |  |                          |                 |                  |  Windows 7 or 8: 0.00% / 0.00%         |  |  and pkt_0_ipv4_ttl_2 <= 0.5  | (100.00%)             | (0.82%)         | 1.69%                         |  | |
| |  |                          |                 |                  |                                        |  |  and pkt_0_tcp_opt_36 > 0.5   |                       |                 |                               |  | |
| |  |                          |                 |                  |  Kali Linux: 0.00% / 0.00%             |  |  and pkt_0_tcp_opt_32 > 0.5   |                       |                 |                               |  | |
| |  | pkt_0_tcp_wsize_1 <= 0.5 | Left: 0.48      | Left: 0.16%      |  Linux 3.11 and newer: 0.20% / 0.07%   |  |                               |                       |                 |                               |  | |
| |  |                          | Right: 0.04     | Right: 1.71%     |  MacOS X: 0.83% / 21.25%               |  | pkt_0_ipv4_ttl_0 <= 0.5       |                       |                 |                               |  | |
| |  |                          |                 |                  |  Windows 7 or 8: 0.00% / 0.00%         |  |  and pkt_0_tcp_wsize_0 <= 0.5 |                       |                 |                               |  | |
| |  |                          |                 |                  |                                        |  |  and pkt_0_ipv4_ttl_2 <= 0.5  |  Linux 3.11 and newer | 23              |                               |  | |
| |  +--------------------------+-----------------+------------------+----------------------------------------+  |  and pkt_0_tcp_opt_36 <= 0.5  | (100.00%)             | (0.75%)         | 1.56%                         |  | |
| |                                                                                                              |  and pkt_0_ipv4_tos_1 <= 0.5  |                       |                 |                               |  | |
| |                                                                                                              |  and pkt_0_tcp_rst_0 > 0.5    |                       |                 |                               |  | |
| |                                                                                                              |  and pkt_0_ipv4_id_11 > 0.5   |                       |                 |                               |  | |
| |                                                                                                              |                               |                       |                 |                               |  | |
| |                                                                                                              | pkt_0_ipv4_ttl_0 <= 0.5       |                       |                 |                               |  | |
| |                                                                                                              |  and pkt_0_tcp_wsize_0 <= 0.5 |  MacOS X              | 16              |                               |  | |
| |                                                                                                              |  and pkt_0_ipv4_ttl_2 <= 0.5  | (100.00%)             | (0.53%)         | 6.67%                         |  | |
| |                                                                                                              |  and pkt_0_tcp_opt_36 > 0.5   |                       |                 |                               |  | |
| |                                                                                                              |  and pkt_0_tcp_opt_32 <= 0.5  |                       |                 |                               |  | |
| |                                                                                                              |                               |                       |                 |                               |  | |
| |                                                                                                              | pkt_0_ipv4_ttl_0 <= 0.5       |  Linux 3.11 and newer | 8               |                               |  | |
| |                                                                                                              |  and pkt_0_tcp_wsize_0 > 0.5  | (100.00%)             | (0.26%)         | 0.54%                         |  | |
| |                                                                                                              |  and pkt_0_tcp_opt_43 > 0.5   |                       |                 |                               |  | |
| |                                                                                                              |                               |                       |                 |                               |  | |
| |                                                                                                              | ----------                    | ----------            | ----------      | ----------                    |  | |
| |                                                                                                              |                               |                       |                 |  Linux 3.11 and newer: 98.04% |  | |
| |                                                                                                              | Top 10 Summary                | -                     | 3007 (98.69%)   |  Windows 7 or 8: 100.00%      |  | |
| |                                                                                                              |                               |                       |                 |  MacOS X: 95.42%              |  | |
| |                                                                                                              |                               |                       |                 |  Kali Linux: 100.00%          |  | |
| |                                                                                                              +-------------------------------+-----------------------+-----------------+-------------------------------+  | |
| +---------------------------------------------------------------------------------------------------------------------------------------------------------------------------------------------------------------------------+ |
+-------------------------------------------------------------------------------------------------------------------------------------------------------------------------------------------------------------------------------+
2022-01-31 13:51:06,747 - INFO - Reading nPrint dataset...
2022-01-31 13:53:55,614 - INFO - Loading nPrintML model...
2022-01-31 13:53:55,617 - INFO - Done!
2022-01-31 13:54:21,685 - INFO - 
+-----------------------------------------------------------------------------------------------------------------------------------------------------------------------------------------------------------------------------------+
|                                                                                                    Classification Trust Report                                                                                                    |
+-----------------------------------------------------------------------------------------------------------------------------------------------------------------------------------------------------------------------------------+
|                                            +-----------------------------------------------------------------------------------------------------------------------------------------+                                            |
|                                            |                                                                 Summary                                                                 |                                            |
|                                            +--------------------------------------------------------------------+--------------------------------------------------------------------+                                            |
|                                            |                              Blackbox                              |                              Whitebox                              |                                            |
|                                            +--------------------------------------------------------------------+--------------------------------------------------------------------+                                            |
|                                            |                      Model:       TabularPredictor                 |            Explanation method:          Dagger                     |                                            |
|                                            |                  Dataset size:         12439                       |                   Model:        DecisionTreeClassifier             |                                            |
|                                            |                Train/Test Split:  70.00% / 30.00%                  |                Iterations:               100                       |                                            |
|                                            |                                                                    |                Sample size:             50.00%                     |                                            |
|                                            |                                                                    |                                                                    |                                            |
|                                            |                                                                    |             Decision Tree Info                                     |                                            |
|                                            |                                                                    |                   Size:                   41                       |                                            |
|                                            |                # Input features:        800                        |             # Input features:         19 (2.38%)                   |                                            |
|                                            |                # Output classes:         4                         |             # Output classes:        4 (100.00%)                   |                                            |
|                                            |                                                                    |                                                                    |                                            |
|                                            | +----------------------------------------------------------------+ | +----------------------------------------------------------------+ |                                            |
|                                            | |                          Performance                           | | |                            Fidelity                            | |                                            |
|                                            | +----------------------------------------------------------------+ | +----------------------------------------------------------------+ |                                            |
|                                            | |                        precision    recall  f1-score   support | | |                        precision    recall  f1-score   support | |                                            |
|                                            | |                                                                | | |                                                                | |                                            |
|                                            | |            Kali Linux      0.000     0.000     0.000         0 | | |            Kali Linux      0.000     0.000     0.000         0 | |                                            |
|                                            | |  Linux 3.11 and newer      0.000     0.000     0.000         0 | | |  Linux 3.11 and newer      0.000     0.000     0.000         0 | |                                            |
|                                            | |               MacOS X      0.000     0.000     0.000         0 | | |               MacOS X      0.000     0.000     0.000         0 | |                                            |
|                                            | |        Windows 7 or 8      0.000     0.000     0.000         0 | | |        Windows 7 or 8      0.000     0.000     0.000         0 | |                                            |
|                                            | |                                                                | | |                                                                | |                                            |
|                                            | |             micro avg      0.000     0.000     0.000         0 | | |             micro avg      0.000     0.000     0.000         0 | |                                            |
|                                            | |             macro avg      0.000     0.000     0.000         0 | | |             macro avg      0.000     0.000     0.000         0 | |                                            |
|                                            | |          weighted avg      0.000     0.000     0.000         0 | | |          weighted avg      0.000     0.000     0.000         0 | |                                            |
|                                            | |                                                                | | |                                                                | |                                            |
|                                            | +----------------------------------------------------------------+ | +----------------------------------------------------------------+ |                                            |
|                                            +--------------------------------------------------------------------+--------------------------------------------------------------------+                                            |
| +-------------------------------------------------------------------------------------------------------------------------------------------------------------------------------------------------------------------------------+ |
| |                                                                                                      Single-run Analysis                                                                                                      | |
| +-------------------------------------------------------------------------------------------------------------------------------------------------------------------------------------------------------------------------------+ |
| |                                                                                  +---------------------------------------------------------+                                                                                  | |
| |                                                                                  |                     Top 10 Features                     |                                                                                  | |
| |                                                                                  +---------------------+----------------+------------------+                                                                                  | |
| |                                                                                  |       Feature       | # of Nodes (%) | Data Split % - ↓ |                                                                                  | |
| |                                                                                  +---------------------+----------------+------------------+                                                                                  | |
| |                                                                                  |   pkt_0_ipv4_ttl_0  |   1 (5.00%)    |  3047 (26.57%)   |                                                                                  | |
| |                                                                                  |                     |                |                  |                                                                                  | |
| |                                                                                  |  pkt_0_tcp_wsize_0  |   1 (5.00%)    |  1799 (15.69%)   |                                                                                  | |
| |                                                                                  |                     |                |                  |                                                                                  | |
| |                                                                                  |   pkt_0_tcp_opt_34  |   2 (10.00%)   |  1689 (14.73%)   |                                                                                  | |
| |                                                                                  |                     |                |                  |                                                                                  | |
| |                                                                                  |   pkt_0_ipv4_ttl_2  |   1 (5.00%)    |  1540 (13.43%)   |                                                                                  | |
| |                                                                                  |                     |                |                  |                                                                                  | |
| |                                                                                  |   pkt_0_ipv4_tos_1  |   1 (5.00%)    |  1393 (12.15%)   |                                                                                  | |
| |                                                                                  |                     |                |                  |                                                                                  | |
| |                                                                                  |   pkt_0_tcp_rst_0   |   1 (5.00%)    |  1392 (12.14%)   |                                                                                  | |
| |                                                                                  |                     |                |                  |                                                                                  | |
| |                                                                                  |   pkt_0_tcp_opt_45  |   1 (5.00%)    |   259 (2.26%)    |                                                                                  | |
| |                                                                                  |                     |                |                  |                                                                                  | |
| |                                                                                  |  pkt_0_tcp_wsize_14 |   1 (5.00%)    |    78 (0.68%)    |                                                                                  | |
| |                                                                                  |                     |                |                  |                                                                                  | |
| |                                                                                  |   pkt_0_tcp_opt_52  |   1 (5.00%)    |    55 (0.48%)    |                                                                                  | |
| |                                                                                  |                     |                |                  |                                                                                  | |
| |                                                                                  | pkt_0_ipv4_cksum_13 |   1 (5.00%)    |    54 (0.47%)    |                                                                                  | |
| |                                                                                  |                     |                |                  |                                                                                  | |
| |                                                                                  |      ----------     |   ----------   |    ----------    |                                                                                  | |
| |                                                                                  |    Top 10 Summary   |  11 (55.00%)   |      98.60%      |                                                                                  | |
| |                                                                                  +---------------------+----------------+------------------+                                                                                  | |
| |  +----------------------------------------------------------------------------------------------------------+  +-----------------------------------------------------------------------------------------------------------+  | |
| |  |                                               Top 10 Nodes                                               |  |                                              Top 10 Branches                                              |  | |
| |  +----------------------------+-----------------+------------------+----------------------------------------+  +---------------------------------+-----------------------+-----------------+-------------------------------+  | |
| |  | Decision                   | Gini  Split - ↓ | Data Split % - ↓ | Data Split % by Class (L/R)            |  | Rule                            | Decision (P(x))       | Samples (%) - ↓ | Class Samples (%)             |  | |
| |  +----------------------------+-----------------+------------------+----------------------------------------+  +---------------------------------+-----------------------+-----------------+-------------------------------+  | |
| |  |                            |                 |                  |  Kali Linux: 100.00% / 0.00%           |  | pkt_0_ipv4_ttl_0 <= 0.5         |                       |                 |                               |  | |
| |  | pkt_0_ipv4_ttl_0 <= 0.5    | Left: 0.33      | Left: 59.04%     |  Linux 3.11 and newer: 100.00% / 0.00% |  |  and pkt_0_tcp_wsize_0 <= 0.5   |                       |                 |                               |  | |
| |  |                            | Right: 0.00     | Right: 40.96%    |  MacOS X: 100.00% / 0.00%              |  |  and pkt_0_ipv4_ttl_2 <= 0.5    |  Linux 3.11 and newer | 1363            | 94.46%                        |  | |
| |  |                            |                 |                  |  Windows 7 or 8: 0.00% / 100.00%       |  |  and pkt_0_tcp_opt_34 <= 0.5    | (100.00%)             | (44.73%)        |                               |  | |
| |  |                            |                 |                  |                                        |  |  and pkt_0_ipv4_tos_1 <= 0.5    |                       |                 |                               |  | |
| |  |                            |                 |                  |  Kali Linux: 0.00% / 0.00%             |  |  and pkt_0_tcp_rst_0 <= 0.5     |                       |                 |                               |  | |
| |  | pkt_0_tcp_opt_34 <= 0.5    | Left: 0.01      | Left: 45.72%     |  Linux 3.11 and newer: 96.26% / 1.73%  |  |                                 |                       |                 |                               |  | |
| |  |                            | Right: 0.50     | Right: 1.58%     |  MacOS X: 1.56% / 8.95%                |  | pkt_0_ipv4_ttl_0 > 0.5          |  Windows 7 or 8       | 1248            | 100.00%                       |  | |
| |  |                            |                 |                  |  Windows 7 or 8: 0.00% / 0.00%         |  |                                 | (100.00%)             | (40.96%)        |                               |  | |
| |  |                            |                 |                  |                                        |  |                                 |                       |                 |                               |  | |
| |  |                            |                 |                  |  Kali Linux: 0.00% / 0.00%             |  | pkt_0_ipv4_ttl_0 <= 0.5         |                       |                 |                               |  | |
| |  | pkt_0_tcp_rst_0 <= 0.5     | Left: 0.00      | Left: 44.73%     |  Linux 3.11 and newer: 94.46% / 1.80%  |  |  and pkt_0_tcp_wsize_0 > 0.5    |  MacOS X              | 170             | 66.15%                        |  | |
| |  |                            | Right: 0.19     | Right: 0.95%     |  MacOS X: 0.00% / 1.17%                |  |  and pkt_0_tcp_opt_45 <= 0.5    | (100.00%)             | (5.58%)         |                               |  | |
| |  |                            |                 |                  |  Windows 7 or 8: 0.00% / 0.00%         |  |  and pkt_0_tcp_opt_34 > 0.5     |                       |                 |                               |  | |
| |  |                            |                 |                  |                                        |  |                                 |                       |                 |                               |  | |
| |  |                            |                 |                  |  Kali Linux: 0.00% / 0.00%             |  | pkt_0_ipv4_ttl_0 <= 0.5         |  Kali Linux           | 99              |                               |  | |
| |  | pkt_0_tcp_opt_34 <= 0.5    | Left: 0.36      | Left: 2.56%      |  Linux 3.11 and newer: 1.25% / 0.00%   |  |  and pkt_0_tcp_wsize_0 <= 0.5   | (100.00%)             | (3.25%)         | 100.00%                       |  | |
| |  |                            | Right: 0.00     | Right: 5.58%     |  MacOS X: 23.35% / 66.15%              |  |  and pkt_0_ipv4_ttl_2 > 0.5     |                       |                 |                               |  | |
| |  |                            |                 |                  |  Windows 7 or 8: 0.00% / 0.00%         |  |                                 |                       |                 |                               |  | |
| |  |                            |                 |                  |                                        |  | pkt_0_ipv4_ttl_0 <= 0.5         |                       |                 |                               |  | |
| |  |                            |                 |                  |  Kali Linux: 100.00% / 0.00%           |  |  and pkt_0_tcp_wsize_0 > 0.5    |                       |                 |                               |  | |
| |  | pkt_0_tcp_wsize_0 <= 0.5   | Left: 0.15      | Left: 50.54%     |  Linux 3.11 and newer: 97.99% / 2.01%  |  |  and pkt_0_tcp_opt_45 <= 0.5    |  MacOS X              | 38              |                               |  | |
| |  |                            | Right: 0.20     | Right: 8.50%     |  MacOS X: 10.51% / 89.49%              |  |  and pkt_0_tcp_opt_34 <= 0.5    | (100.00%)             | (1.25%)         | 14.79%                        |  | |
| |  |                            |                 |                  |  Windows 7 or 8: 0.00% / 0.00%         |  |  and pkt_0_tcp_wsize_14 > 0.5   |                       |                 |                               |  | |
| |  |                            |                 |                  |                                        |  |  and pkt_0_tcp_opt_52 <= 0.5    |                       |                 |                               |  | |
| |  |                            |                 |                  |  Kali Linux: 0.00% / 100.00%           |  |  and pkt_0_ipv4_cksum_13 > 0.5  |                       |                 |                               |  | |
| |  | pkt_0_ipv4_ttl_2 <= 0.5    | Left: 0.04      | Left: 47.29%     |  Linux 3.11 and newer: 97.99% / 0.00%  |  |                                 |                       |                 |                               |  | |
| |  |                            | Right: 0.00     | Right: 3.25%     |  MacOS X: 10.51% / 0.00%               |  | pkt_0_ipv4_ttl_0 <= 0.5         |                       |                 |                               |  | |
| |  |                            |                 |                  |  Windows 7 or 8: 0.00% / 0.00%         |  |  and pkt_0_tcp_wsize_0 <= 0.5   |  Linux 3.11 and newer | 25              |                               |  | |
| |  |                            |                 |                  |                                        |  |  and pkt_0_ipv4_ttl_2 <= 0.5    | (100.00%)             | (0.82%)         | 1.73%                         |  | |
| |  |                            |                 |                  |  Kali Linux: 0.00% / 0.00%             |  |  and pkt_0_tcp_opt_34 > 0.5     |                       |                 |                               |  | |
| |  | pkt_0_tcp_opt_45 <= 0.5    | Left: 0.13      | Left: 8.14%      |  Linux 3.11 and newer: 1.25% / 0.76%   |  |  and pkt_0_tcp_opt_41 > 0.5     |                       |                 |                               |  | |
| |  |                            | Right: 0.00     | Right: 0.36%     |  MacOS X: 89.49% / 0.00%               |  |                                 |                       |                 |                               |  | |
| |  |                            |                 |                  |  Windows 7 or 8: 0.00% / 0.00%         |  | pkt_0_ipv4_ttl_0 <= 0.5         |                       |                 |                               |  | |
| |  |                            |                 |                  |                                        |  |  and pkt_0_tcp_wsize_0 <= 0.5   |  MacOS X              | 23              |                               |  | |
| |  |                            |                 |                  |  Kali Linux: 0.00% / 0.00%             |  |  and pkt_0_ipv4_ttl_2 <= 0.5    | (100.00%)             | (0.75%)         | 8.95%                         |  | |
| |  | pkt_0_tcp_wsize_14 <= 0.5  | Left: 0.42      | Left: 0.75%      |  Linux 3.11 and newer: 1.11% / 0.14%   |  |  and pkt_0_tcp_opt_34 > 0.5     |                       |                 |                               |  | |
| |  |                            | Right: 0.07     | Right: 1.81%     |  MacOS X: 2.72% / 20.62%               |  |  and pkt_0_tcp_opt_41 <= 0.5    |                       |                 |                               |  | |
| |  |                            |                 |                  |  Windows 7 or 8: 0.00% / 0.00%         |  |                                 |                       |                 |                               |  | |
| |  |                            |                 |                  |                                        |  | pkt_0_ipv4_ttl_0 <= 0.5         |                       |                 |                               |  | |
| |  |                            |                 |                  |  Kali Linux: 0.00% / 0.00%             |  |  and pkt_0_tcp_wsize_0 <= 0.5   |                       |                 |                               |  | |
| |  | pkt_0_ipv4_cksum_15 <= 0.5 | Left: 0.00      | Left: 0.59%      |  Linux 3.11 and newer: 1.25% / 0.55%   |  |  and pkt_0_ipv4_ttl_2 <= 0.5    |  Linux 3.11 and newer | 18              |                               |  | |
| |  |                            | Right: 0.40     | Right: 0.36%     |  MacOS X: 0.00% / 1.17%                |  |  and pkt_0_tcp_opt_34 <= 0.5    | (100.00%)             | (0.59%)         | 1.25%                         |  | |
| |  |                            |                 |                  |  Windows 7 or 8: 0.00% / 0.00%         |  |  and pkt_0_ipv4_tos_1 <= 0.5    |                       |                 |                               |  | |
| |  |                            |                 |                  |                                        |  |  and pkt_0_tcp_rst_0 > 0.5      |                       |                 |                               |  | |
| |  |                            |                 |                  |  Kali Linux: 0.00% / 0.00%             |  |  and pkt_0_ipv4_cksum_15 <= 0.5 |                       |                 |                               |  | |
| |  | pkt_0_tcp_cksum_1 <= 0.5   | Left: 0.00      | Left: 0.36%      |  Linux 3.11 and newer: 0.76% / 0.35%   |  |                                 |                       |                 |                               |  | |
| |  |                            | Right: 0.41     | Right: 0.23%     |  MacOS X: 0.00% / 0.78%                |  | pkt_0_ipv4_ttl_0 <= 0.5         |                       |                 |                               |  | |
| |  |                            |                 |                  |  Windows 7 or 8: 0.00% / 0.00%         |  |  and pkt_0_tcp_wsize_0 > 0.5    |                       |                 |                               |  | |
| |  |                            |                 |                  |                                        |  |  and pkt_0_tcp_opt_45 <= 0.5    |                       |                 |                               |  | |
| |  +----------------------------+-----------------+------------------+----------------------------------------+  |  and pkt_0_tcp_opt_34 <= 0.5    |  MacOS X              | 12              | 4.67%                         |  | |
| |                                                                                                                |  and pkt_0_tcp_wsize_14 > 0.5   | (100.00%)             | (0.39%)         |                               |  | |
| |                                                                                                                |  and pkt_0_tcp_opt_52 <= 0.5    |                       |                 |                               |  | |
| |                                                                                                                |  and pkt_0_ipv4_cksum_13 <= 0.5 |                       |                 |                               |  | |
| |                                                                                                                |  and pkt_0_ipv4_id_0 > 0.5      |                       |                 |                               |  | |
| |                                                                                                                |                                 |                       |                 |                               |  | |
| |                                                                                                                | pkt_0_ipv4_ttl_0 <= 0.5         |                       |                 |                               |  | |
| |                                                                                                                |  and pkt_0_tcp_wsize_0 > 0.5    |                       |                 |                               |  | |
| |                                                                                                                |  and pkt_0_tcp_opt_45 <= 0.5    |  Linux 3.11 and newer | 11              |                               |  | |
| |                                                                                                                |  and pkt_0_tcp_opt_34 <= 0.5    | (100.00%)             | (0.36%)         | 0.76%                         |  | |
| |                                                                                                                |  and pkt_0_tcp_wsize_14 <= 0.5  |                       |                 |                               |  | |
| |                                                                                                                |  and pkt_0_tcp_wsize_15 <= 0.5  |                       |                 |                               |  | |
| |                                                                                                                |  and pkt_0_tcp_cksum_1 <= 0.5   |                       |                 |                               |  | |
| |                                                                                                                |                                 |                       |                 |                               |  | |
| |                                                                                                                | ----------                      | ----------            | ----------      | ----------                    |  | |
| |                                                                                                                |                                 |                       |                 |  Linux 3.11 and newer: 98.20% |  | |
| |                                                                                                                | Top 10 Summary                  | -                     | 3007 (98.69%)   |  Windows 7 or 8: 100.00%      |  | |
| |                                                                                                                |                                 |                       |                 |  MacOS X: 94.55%              |  | |
| |                                                                                                                |                                 |                       |                 |  Kali Linux: 100.00%          |  | |
| |                                                                                                                +---------------------------------+-----------------------+-----------------+-------------------------------+  | |
| +-------------------------------------------------------------------------------------------------------------------------------------------------------------------------------------------------------------------------------+ |
+-----------------------------------------------------------------------------------------------------------------------------------------------------------------------------------------------------------------------------------+
2022-03-02 11:21:10,543 - INFO - Reading nPrint dataset...
2022-03-02 11:23:41,795 - INFO - X size: 12439; y size: 12439
2022-03-02 11:23:41,796 - INFO - Done!
2022-03-02 11:23:41,796 - INFO - Loading nPrintML model...
2022-03-02 11:23:41,802 - INFO - Done!
2022-03-14 15:47:57,533 - INFO - Reading nPrint dataset...
2022-03-14 15:59:35,189 - INFO - X size: 12439; y size: 12439
2022-03-14 15:59:35,201 - INFO - Done!
2022-03-14 15:59:35,206 - INFO - Loading nPrintML model...
2022-03-14 15:59:35,278 - INFO - Done!
2022-03-14 15:59:39,683 - INFO - Straw-man explanation global fidelity report:
2022-03-14 15:59:39,835 - INFO - 
                       precision    recall  f1-score   support

           Kali Linux      1.000     1.000     1.000       126
 Linux 3.11 and newer      0.993     0.991     0.992      1779
              MacOS X      0.948     0.961     0.954       305
       Windows 7 or 8      1.000     1.000     1.000      1522

             accuracy                          0.992      3732
            macro avg      0.985     0.988     0.987      3732
         weighted avg      0.993     0.992     0.993      3732

2022-03-14 15:59:39,839 - INFO - Straw-man explanation classification report:
2022-03-14 15:59:39,966 - INFO - 
                       precision    recall  f1-score   support

           Kali Linux      1.000     1.000     1.000       126
 Linux 3.11 and newer      0.989     0.989     0.989      1775
              MacOS X      0.939     0.939     0.939       309
       Windows 7 or 8      1.000     1.000     1.000      1522

             accuracy                          0.990      3732
            macro avg      0.982     0.982     0.982      3732
         weighted avg      0.990     0.990     0.990      3732

2022-03-14 17:19:19,326 - INFO - Reading nPrint dataset...
2022-03-14 17:31:34,400 - INFO - X size: 12439; y size: 12439
2022-03-14 17:31:34,414 - INFO - Done!
2022-03-14 17:31:34,419 - INFO - Loading nPrintML model...
2022-03-14 17:31:34,478 - INFO - Done!
2022-03-14 17:31:37,500 - INFO - Blackbox model classification report with IID:
2022-03-14 17:31:37,695 - INFO - 
                       precision    recall  f1-score   support

           Kali Linux      1.000     1.000     1.000       143
 Linux 3.11 and newer      0.998     0.999     0.999      1768
              MacOS X      0.996     0.986     0.991       279
       Windows 7 or 8      1.000     1.000     1.000      1542

             accuracy                          0.999      3732
            macro avg      0.999     0.996     0.997      3732
         weighted avg      0.999     0.999     0.999      3732

2022-03-14 17:31:38,287 - INFO - Straw-man explanation global fidelity report:
2022-03-14 17:31:38,464 - INFO - 
                       precision    recall  f1-score   support

           Kali Linux      1.000     1.000     1.000       143
 Linux 3.11 and newer      0.995     0.964     0.979      1771
              MacOS X      0.809     0.967     0.881       276
       Windows 7 or 8      1.000     1.000     1.000      1542

             accuracy                          0.981      3732
            macro avg      0.951     0.983     0.965      3732
         weighted avg      0.983     0.981     0.981      3732

2022-03-14 17:31:38,472 - INFO - Straw-man explanation classification report:
2022-03-14 17:31:38,612 - INFO - 
                       precision    recall  f1-score   support

           Kali Linux      1.000     1.000     1.000       143
 Linux 3.11 and newer      0.994     0.965     0.980      1768
              MacOS X      0.815     0.964     0.883       279
       Windows 7 or 8      1.000     1.000     1.000      1542

             accuracy                          0.981      3732
            macro avg      0.952     0.982     0.966      3732
         weighted avg      0.983     0.981     0.982      3732

2022-03-14 19:22:14,044 - INFO - Reading nPrint dataset...
2022-03-14 19:42:55,734 - INFO - X size: 12439; y size: 12439
2022-03-14 19:42:55,753 - INFO - Done!
2022-03-14 19:42:55,758 - INFO - Loading nPrintML model...
2022-03-14 19:42:55,916 - INFO - Done!
2022-03-14 19:43:00,673 - INFO - Blackbox model classification report with IID:
2022-03-14 19:43:00,999 - INFO - 
                       precision    recall  f1-score   support

           Kali Linux      1.000     1.000     1.000       132
 Linux 3.11 and newer      0.998     0.999     0.998      1836
              MacOS X      0.993     0.985     0.989       275
       Windows 7 or 8      1.000     1.000     1.000      1489

             accuracy                          0.998      3732
            macro avg      0.998     0.996     0.997      3732
         weighted avg      0.998     0.998     0.998      3732

2022-03-14 19:43:02,016 - INFO - Straw-man explanation global fidelity report:
2022-03-14 19:43:02,355 - INFO - 
                       precision    recall  f1-score   support

           Kali Linux      1.000     1.000     1.000       132
 Linux 3.11 and newer      0.986     0.988     0.987      1838
              MacOS X      0.918     0.905     0.911       273
       Windows 7 or 8      1.000     1.000     1.000      1489

             accuracy                          0.987      3732
            macro avg      0.976     0.973     0.975      3732
         weighted avg      0.987     0.987     0.987      3732

2022-03-14 19:43:02,365 - INFO - Straw-man explanation classification report:
2022-03-14 19:43:02,605 - INFO - 
                       precision    recall  f1-score   support

           Kali Linux      1.000     1.000     1.000       132
 Linux 3.11 and newer      0.985     0.988     0.986      1836
              MacOS X      0.918     0.898     0.908       275
       Windows 7 or 8      1.000     1.000     1.000      1489

             accuracy                          0.987      3732
            macro avg      0.976     0.972     0.974      3732
         weighted avg      0.986     0.987     0.987      3732

2022-03-14 19:43:03,759 - INFO - Using Classification Dagger algorithm to extract DT...
2022-03-14 20:58:21,242 - INFO - Reading nPrint dataset...
2022-03-14 21:10:56,211 - INFO - X size: 12439; y size: 12439
2022-03-14 21:10:56,241 - INFO - Done!
2022-03-14 21:10:56,247 - INFO - Loading nPrintML model...
2022-03-14 21:10:56,313 - INFO - Done!
2022-03-14 21:10:59,115 - INFO - Blackbox model classification report with IID:
2022-03-14 21:10:59,281 - INFO - 
                       precision    recall  f1-score   support

           Kali Linux      1.000     1.000     1.000       130
 Linux 3.11 and newer      0.996     0.997     0.997      1781
              MacOS X      0.982     0.975     0.978       280
       Windows 7 or 8      1.000     1.000     1.000      1541

             accuracy                          0.997      3732
            macro avg      0.995     0.993     0.994      3732
         weighted avg      0.997     0.997     0.997      3732

2022-03-14 21:11:00,106 - INFO - Straw-man explanation global fidelity report:
2022-03-14 21:11:00,345 - INFO - 
                       precision    recall  f1-score   support

           Kali Linux      1.000     1.000     1.000       130
 Linux 3.11 and newer      0.989     0.970     0.979      1783
              MacOS X      0.827     0.932     0.876       278
       Windows 7 or 8      1.000     1.000     1.000      1541

             accuracy                          0.980      3732
            macro avg      0.954     0.975     0.964      3732
         weighted avg      0.982     0.980     0.981      3732

2022-03-14 21:11:00,348 - INFO - Straw-man explanation classification report:
2022-03-14 21:11:00,885 - INFO - 
                       precision    recall  f1-score   support

           Kali Linux      1.000     1.000     1.000       130
 Linux 3.11 and newer      0.987     0.969     0.978      1781
              MacOS X      0.824     0.921     0.870       280
       Windows 7 or 8      1.000     1.000     1.000      1541

             accuracy                          0.979      3732
            macro avg      0.953     0.973     0.962      3732
         weighted avg      0.981     0.979     0.980      3732

2022-03-14 21:11:01,600 - INFO - Using Classification Dagger algorithm to extract DT...
