2021-06-28 21:17:37,524 - INFO - DeepTraffic Validation Script Start
2021-06-28 21:17:37,807 - INFO - Initializing DeepTraffic
2021-06-28 21:17:38,039 - INFO - Testing DeepTraffic
2021-06-28 21:17:38,808 - INFO -               precision    recall  f1-score   support

       Novpn      1.000     1.000     1.000      2692
         Vpn      0.999     0.999     0.999      1253

    accuracy                          0.999      3945
   macro avg      0.999     0.999     0.999      3945
weighted avg      0.999     0.999     0.999      3945

2021-06-28 21:17:38,808 - INFO - Validating DeepTraffic
2021-06-28 21:17:39,564 - INFO - Untampered dataset classification report
2021-06-28 21:17:39,570 - INFO -               precision    recall  f1-score   support

       Novpn      0.927     1.000     0.962      1859
         Vpn      1.000     0.902     0.948      1497

    accuracy                          0.956      3356
   macro avg      0.963     0.951     0.955      3356
weighted avg      0.959     0.956     0.956      3356

2021-06-28 21:17:40,246 - INFO - Tempered dataset bytes 43, 47 and 49 classification report
2021-06-28 21:17:40,250 - INFO -               precision    recall  f1-score   support

       Novpn      0.926     1.000     0.961      1859
         Vpn      1.000     0.900     0.948      1497

    accuracy                          0.956      3356
   macro avg      0.963     0.950     0.955      3356
weighted avg      0.959     0.956     0.955      3356

2021-06-28 21:17:40,956 - INFO -               precision    recall  f1-score   support

       Novpn      0.799     1.000     0.888      1859
         Vpn      1.000     0.688     0.815      1497

    accuracy                          0.861      3356
   macro avg      0.900     0.844     0.852      3356
weighted avg      0.889     0.861     0.856      3356

2021-06-28 21:17:41,694 - INFO -               precision    recall  f1-score   support

       Novpn      0.695     1.000     0.820      1859
         Vpn      1.000     0.456     0.626      1497

    accuracy                          0.757      3356
   macro avg      0.848     0.728     0.723      3356
weighted avg      0.831     0.757     0.734      3356

2021-06-28 21:17:42,382 - INFO -               precision    recall  f1-score   support

       Novpn      0.555     1.000     0.714      1859
         Vpn      1.000     0.003     0.007      1497

    accuracy                          0.555      3356
   macro avg      0.777     0.502     0.360      3356
weighted avg      0.753     0.555     0.398      3356

2021-06-28 21:17:42,391 - INFO - Using Classification Dagger algorithm to extract DT...
2021-06-28 21:18:20,639 - INFO - DeepTraffic Validation Script Start
2021-06-28 21:18:20,831 - INFO - Initializing DeepTraffic
2021-06-28 21:18:21,017 - INFO - Testing DeepTraffic
2021-06-28 21:18:21,707 - INFO -               precision    recall  f1-score   support

       Novpn      1.000     1.000     1.000      2692
         Vpn      0.999     0.999     0.999      1253

    accuracy                          0.999      3945
   macro avg      0.999     0.999     0.999      3945
weighted avg      0.999     0.999     0.999      3945

2021-06-28 21:18:21,707 - INFO - Validating DeepTraffic
2021-06-28 21:18:22,409 - INFO - Untampered dataset classification report
2021-06-28 21:18:22,420 - INFO -               precision    recall  f1-score   support

       Novpn      0.927     1.000     0.962      1859
         Vpn      1.000     0.902     0.948      1497

    accuracy                          0.956      3356
   macro avg      0.963     0.951     0.955      3356
weighted avg      0.959     0.956     0.956      3356

2021-06-28 21:18:23,127 - INFO - Tempered dataset bytes 43, 47 and 49 classification report
2021-06-28 21:18:23,132 - INFO -               precision    recall  f1-score   support

       Novpn      0.926     1.000     0.961      1859
         Vpn      1.000     0.900     0.948      1497

    accuracy                          0.956      3356
   macro avg      0.963     0.950     0.955      3356
weighted avg      0.959     0.956     0.955      3356

2021-06-28 21:18:23,839 - INFO -               precision    recall  f1-score   support

       Novpn      0.799     1.000     0.888      1859
         Vpn      1.000     0.688     0.815      1497

    accuracy                          0.861      3356
   macro avg      0.900     0.844     0.852      3356
weighted avg      0.889     0.861     0.856      3356

2021-06-28 21:18:24,553 - INFO -               precision    recall  f1-score   support

       Novpn      0.695     1.000     0.820      1859
         Vpn      1.000     0.456     0.626      1497

    accuracy                          0.757      3356
   macro avg      0.848     0.728     0.723      3356
weighted avg      0.831     0.757     0.734      3356

2021-06-28 21:18:25,256 - INFO -               precision    recall  f1-score   support

       Novpn      0.555     1.000     0.714      1859
         Vpn      1.000     0.003     0.007      1497

    accuracy                          0.555      3356
   macro avg      0.777     0.502     0.360      3356
weighted avg      0.753     0.555     0.398      3356

2021-06-28 21:18:25,256 - INFO - Using Classification Dagger algorithm to extract DT...
2021-06-28 21:18:57,441 - INFO - ########## Explanation validation ##########
2021-06-28 21:18:57,442 - INFO - Model explanation 0 local fidelity: 1.0
2021-06-28 21:18:57,468 - INFO - Model explanation global fidelity report:
2021-06-28 21:18:57,475 - INFO - 
              precision    recall  f1-score   support

           0      1.000     1.000     1.000      2692
           1      1.000     0.999     1.000      1253

    accuracy                          1.000      3945
   macro avg      1.000     1.000     1.000      3945
weighted avg      1.000     1.000     1.000      3945

2021-06-28 21:18:57,475 - INFO - Model explanation classification report:
2021-06-28 21:18:57,481 - INFO - 
              precision    recall  f1-score   support

           0      1.000     1.000     1.000      2692
           1      1.000     0.999     1.000      1253

    accuracy                          1.000      3945
   macro avg      1.000     1.000     1.000      3945
weighted avg      1.000     1.000     1.000      3945

2021-06-28 21:20:57,662 - INFO - DeepTraffic Validation Script Start
2021-06-28 21:20:57,845 - INFO - Initializing DeepTraffic
2021-06-28 21:20:58,026 - INFO - Testing DeepTraffic
2021-06-28 21:20:58,686 - INFO -               precision    recall  f1-score   support

       Novpn      1.000     1.000     1.000      2692
         Vpn      0.999     0.999     0.999      1253

    accuracy                          0.999      3945
   macro avg      0.999     0.999     0.999      3945
weighted avg      0.999     0.999     0.999      3945

2021-06-28 21:20:58,686 - INFO - Validating DeepTraffic
2021-06-28 21:20:59,367 - INFO - Untampered dataset classification report
2021-06-28 21:20:59,376 - INFO -               precision    recall  f1-score   support

       Novpn      0.927     1.000     0.962      1859
         Vpn      1.000     0.902     0.948      1497

    accuracy                          0.956      3356
   macro avg      0.963     0.951     0.955      3356
weighted avg      0.959     0.956     0.956      3356

2021-06-28 21:21:00,063 - INFO - Tempered dataset bytes 43, 47 and 49 classification report
2021-06-28 21:21:00,068 - INFO -               precision    recall  f1-score   support

       Novpn      0.926     1.000     0.961      1859
         Vpn      1.000     0.900     0.948      1497

    accuracy                          0.956      3356
   macro avg      0.963     0.950     0.955      3356
weighted avg      0.959     0.956     0.955      3356

2021-06-28 21:21:00,755 - INFO -               precision    recall  f1-score   support

       Novpn      0.799     1.000     0.888      1859
         Vpn      1.000     0.688     0.815      1497

    accuracy                          0.861      3356
   macro avg      0.900     0.844     0.852      3356
weighted avg      0.889     0.861     0.856      3356

2021-06-28 21:21:01,408 - INFO -               precision    recall  f1-score   support

       Novpn      0.695     1.000     0.820      1859
         Vpn      1.000     0.456     0.626      1497

    accuracy                          0.757      3356
   macro avg      0.848     0.728     0.723      3356
weighted avg      0.831     0.757     0.734      3356

2021-06-28 21:21:02,067 - INFO -               precision    recall  f1-score   support

       Novpn      0.555     1.000     0.714      1859
         Vpn      1.000     0.003     0.007      1497

    accuracy                          0.555      3356
   macro avg      0.777     0.502     0.360      3356
weighted avg      0.753     0.555     0.398      3356

2021-06-28 21:21:02,067 - INFO - Using Classification Dagger algorithm to extract DT...
2021-06-28 21:21:33,250 - INFO - ########## Explanation validation ##########
2021-06-28 21:21:33,250 - INFO - Model explanation 0 local fidelity: 1.0
2021-06-28 21:21:33,253 - INFO - Model explanation global fidelity report:
2021-06-28 21:21:33,258 - INFO - 
              precision    recall  f1-score   support

           0      1.000     1.000     1.000      2692
           1      1.000     0.999     1.000      1253

    accuracy                          1.000      3945
   macro avg      1.000     1.000     1.000      3945
weighted avg      1.000     1.000     1.000      3945

2021-06-28 21:21:33,258 - INFO - Model explanation classification report:
2021-06-28 21:21:33,262 - INFO - 
              precision    recall  f1-score   support

           0      1.000     1.000     1.000      2692
           1      1.000     0.999     1.000      1253

    accuracy                          1.000      3945
   macro avg      1.000     1.000     1.000      3945
weighted avg      1.000     1.000     1.000      3945

2021-06-28 21:23:55,955 - INFO - DeepTraffic Validation Script Start
2021-06-28 21:23:56,144 - INFO - Initializing DeepTraffic
2021-06-28 21:23:56,329 - INFO - Testing DeepTraffic
2021-06-28 21:23:57,019 - INFO -               precision    recall  f1-score   support

       Novpn      1.000     1.000     1.000      2692
         Vpn      0.999     0.999     0.999      1253

    accuracy                          0.999      3945
   macro avg      0.999     0.999     0.999      3945
weighted avg      0.999     0.999     0.999      3945

2021-06-28 21:23:57,019 - INFO - Validating DeepTraffic
2021-06-28 21:23:57,706 - INFO - Untampered dataset classification report
2021-06-28 21:23:57,711 - INFO -               precision    recall  f1-score   support

       Novpn      0.927     1.000     0.962      1859
         Vpn      1.000     0.902     0.948      1497

    accuracy                          0.956      3356
   macro avg      0.963     0.951     0.955      3356
weighted avg      0.959     0.956     0.956      3356

2021-06-28 21:23:58,399 - INFO - Tempered dataset bytes 43, 47 and 49 classification report
2021-06-28 21:23:58,410 - INFO -               precision    recall  f1-score   support

       Novpn      0.926     1.000     0.961      1859
         Vpn      1.000     0.900     0.948      1497

    accuracy                          0.956      3356
   macro avg      0.963     0.950     0.955      3356
weighted avg      0.959     0.956     0.955      3356

2021-06-28 21:23:59,109 - INFO - Tempered dataset bytes 32-64 classification report
2021-06-28 21:23:59,114 - INFO -               precision    recall  f1-score   support

       Novpn      0.799     1.000     0.888      1859
         Vpn      1.000     0.688     0.815      1497

    accuracy                          0.861      3356
   macro avg      0.900     0.844     0.852      3356
weighted avg      0.889     0.861     0.856      3356

2021-06-28 21:23:59,763 - INFO - Tempered dataset bytes 0-64 classification report
2021-06-28 21:23:59,769 - INFO -               precision    recall  f1-score   support

       Novpn      0.695     1.000     0.820      1859
         Vpn      1.000     0.456     0.626      1497

    accuracy                          0.757      3356
   macro avg      0.848     0.728     0.723      3356
weighted avg      0.831     0.757     0.734      3356

2021-06-28 21:24:00,429 - INFO - Tempered dataset bytes 0-128 classification report
2021-06-28 21:24:00,433 - INFO -               precision    recall  f1-score   support

       Novpn      0.555     1.000     0.714      1859
         Vpn      1.000     0.003     0.007      1497

    accuracy                          0.555      3356
   macro avg      0.777     0.502     0.360      3356
weighted avg      0.753     0.555     0.398      3356

2021-06-28 21:24:00,433 - INFO - Using Classification Dagger algorithm to extract DT...
2021-06-28 21:24:30,646 - INFO - ########## Explanation validation ##########
2021-06-28 21:24:30,647 - INFO - Model explanation 1 local fidelity: 1.0
2021-06-28 21:24:30,649 - INFO - Model explanation global fidelity report:
2021-06-28 21:24:30,654 - INFO - 
              precision    recall  f1-score   support

           0      1.000     1.000     1.000      2692
           1      1.000     0.999     1.000      1253

    accuracy                          1.000      3945
   macro avg      1.000     1.000     1.000      3945
weighted avg      1.000     1.000     1.000      3945

2021-06-28 21:24:30,654 - INFO - Model explanation classification report:
2021-06-28 21:24:30,659 - INFO - 
              precision    recall  f1-score   support

           0      1.000     1.000     1.000      2692
           1      1.000     0.999     1.000      1253

    accuracy                          1.000      3945
   macro avg      1.000     1.000     1.000      3945
weighted avg      1.000     1.000     1.000      3945

2021-06-29 18:04:57,520 - INFO - DeepTraffic Validation Script Start
2021-06-29 18:04:57,734 - INFO - Initializing DeepTraffic
2021-06-29 18:04:57,952 - INFO - Testing DeepTraffic
2021-06-29 18:04:58,656 - INFO -               precision    recall  f1-score   support

       Novpn      1.000     1.000     1.000      2692
         Vpn      0.999     0.999     0.999      1253

    accuracy                          0.999      3945
   macro avg      0.999     0.999     0.999      3945
weighted avg      0.999     0.999     0.999      3945

2021-06-29 18:04:58,656 - INFO - Validating DeepTraffic
2021-06-29 18:04:59,420 - INFO - Untampered dataset classification report
2021-06-29 18:04:59,431 - INFO -               precision    recall  f1-score   support

       Novpn      0.927     1.000     0.962      1859
         Vpn      1.000     0.902     0.948      1497

    accuracy                          0.956      3356
   macro avg      0.963     0.951     0.955      3356
weighted avg      0.959     0.956     0.956      3356

2021-06-29 18:05:00,196 - INFO - Tempered dataset bytes 43, 47 and 49 classification report
2021-06-29 18:05:00,202 - INFO -               precision    recall  f1-score   support

       Novpn      0.926     1.000     0.961      1859
         Vpn      1.000     0.900     0.948      1497

    accuracy                          0.956      3356
   macro avg      0.963     0.950     0.955      3356
weighted avg      0.959     0.956     0.955      3356

2021-06-29 18:05:00,965 - INFO - Tempered dataset bytes 32-64 classification report
2021-06-29 18:05:00,970 - INFO -               precision    recall  f1-score   support

       Novpn      0.799     1.000     0.888      1859
         Vpn      1.000     0.688     0.815      1497

    accuracy                          0.861      3356
   macro avg      0.900     0.844     0.852      3356
weighted avg      0.889     0.861     0.856      3356

2021-06-29 18:05:01,670 - INFO - Tempered dataset bytes 0-64 classification report
2021-06-29 18:05:01,682 - INFO -               precision    recall  f1-score   support

       Novpn      0.695     1.000     0.820      1859
         Vpn      1.000     0.456     0.626      1497

    accuracy                          0.757      3356
   macro avg      0.848     0.728     0.723      3356
weighted avg      0.831     0.757     0.734      3356

2021-06-29 18:05:02,424 - INFO - Tempered dataset bytes 0-128 classification report
2021-06-29 18:05:02,437 - INFO -               precision    recall  f1-score   support

       Novpn      0.555     1.000     0.714      1859
         Vpn      1.000     0.003     0.007      1497

    accuracy                          0.555      3356
   macro avg      0.777     0.502     0.360      3356
weighted avg      0.753     0.555     0.398      3356

2021-06-29 18:05:02,437 - INFO - Using Classification Dagger algorithm to extract DT...
2021-06-29 18:05:34,843 - INFO - ########## Explanation validation ##########
2021-06-29 18:05:34,844 - INFO - Model explanation 4 local fidelity: 1.0
2021-06-29 18:05:34,847 - INFO - Model explanation global fidelity report:
2021-06-29 18:05:34,853 - INFO - 
              precision    recall  f1-score   support

           0      0.999     0.999     0.999      2692
           1      0.997     0.998     0.998      1253

    accuracy                          0.998      3945
   macro avg      0.998     0.998     0.998      3945
weighted avg      0.998     0.998     0.998      3945

2021-06-29 18:05:34,853 - INFO - Model explanation classification report:
2021-06-29 18:05:34,858 - INFO - 
              precision    recall  f1-score   support

           0      1.000     0.999     0.999      2692
           1      0.998     0.999     0.998      1253

    accuracy                          0.999      3945
   macro avg      0.999     0.999     0.999      3945
weighted avg      0.999     0.999     0.999      3945

2021-06-29 18:06:04,074 - INFO - DeepTraffic Validation Script Start
2021-06-29 18:06:04,270 - INFO - Initializing DeepTraffic
2021-06-29 18:06:04,464 - INFO - Testing DeepTraffic
2021-06-29 18:06:05,132 - INFO -               precision    recall  f1-score   support

       Novpn      1.000     1.000     1.000      2692
         Vpn      0.999     0.999     0.999      1253

    accuracy                          0.999      3945
   macro avg      0.999     0.999     0.999      3945
weighted avg      0.999     0.999     0.999      3945

2021-06-29 18:06:05,132 - INFO - Validating DeepTraffic
2021-06-29 18:06:05,816 - INFO - Untampered dataset classification report
2021-06-29 18:06:05,827 - INFO -               precision    recall  f1-score   support

       Novpn      0.927     1.000     0.962      1859
         Vpn      1.000     0.902     0.948      1497

    accuracy                          0.956      3356
   macro avg      0.963     0.951     0.955      3356
weighted avg      0.959     0.956     0.956      3356

2021-06-29 18:06:06,508 - INFO - Tempered dataset bytes 43, 47 and 49 classification report
2021-06-29 18:06:06,514 - INFO -               precision    recall  f1-score   support

       Novpn      0.926     1.000     0.961      1859
         Vpn      1.000     0.900     0.948      1497

    accuracy                          0.956      3356
   macro avg      0.963     0.950     0.955      3356
weighted avg      0.959     0.956     0.955      3356

2021-06-29 18:06:07,220 - INFO - Tempered dataset bytes 32-64 classification report
2021-06-29 18:06:07,225 - INFO -               precision    recall  f1-score   support

       Novpn      0.799     1.000     0.888      1859
         Vpn      1.000     0.688     0.815      1497

    accuracy                          0.861      3356
   macro avg      0.900     0.844     0.852      3356
weighted avg      0.889     0.861     0.856      3356

2021-06-29 18:06:07,898 - INFO - Tempered dataset bytes 0-64 classification report
2021-06-29 18:06:07,911 - INFO -               precision    recall  f1-score   support

       Novpn      0.695     1.000     0.820      1859
         Vpn      1.000     0.456     0.626      1497

    accuracy                          0.757      3356
   macro avg      0.848     0.728     0.723      3356
weighted avg      0.831     0.757     0.734      3356

2021-06-29 18:06:08,611 - INFO - Tempered dataset bytes 0-128 classification report
2021-06-29 18:06:08,615 - INFO -               precision    recall  f1-score   support

       Novpn      0.555     1.000     0.714      1859
         Vpn      1.000     0.003     0.007      1497

    accuracy                          0.555      3356
   macro avg      0.777     0.502     0.360      3356
weighted avg      0.753     0.555     0.398      3356

2021-06-29 18:06:08,615 - INFO - Using Classification Dagger algorithm to extract DT...
2021-06-29 18:06:42,285 - INFO - ########## Explanation validation ##########
2021-06-29 18:06:42,285 - INFO - Model explanation 0 local fidelity: 1.0
2021-06-29 18:06:42,288 - INFO - Model explanation global fidelity report:
2021-06-29 18:06:42,295 - INFO - 
              precision    recall  f1-score   support

           0      1.000     1.000     1.000      2692
           1      1.000     0.999     1.000      1253

    accuracy                          1.000      3945
   macro avg      1.000     1.000     1.000      3945
weighted avg      1.000     1.000     1.000      3945

2021-06-29 18:06:42,295 - INFO - Model explanation classification report:
2021-06-29 18:06:42,301 - INFO - 
              precision    recall  f1-score   support

           0      1.000     1.000     1.000      2692
           1      1.000     0.999     1.000      1253

    accuracy                          1.000      3945
   macro avg      1.000     1.000     1.000      3945
weighted avg      1.000     1.000     1.000      3945

